  Determinando los proyectos que se van a restaurar...
  Todos los proyectos est├ín actualizados para la restauraci├│n.
C:\Program Files\dotnet\sdk\9.0.100-rc.1.24452.12\Sdks\Microsoft.NET.Sdk\targets\Microsoft.NET.RuntimeIdentifierInference.targets(326,5): message NETSDK1057: Est├í usando una versi├│n preliminar de .NET. Visite: https://aka.ms/dotnet-support-policy [C:\Users\Valentino\OneDrive\Desktop\Polleria\RepositorioPractica\PruebaRegresionVentas\PruebaRegresionVentas.csproj]
  PruebaUnitariaVentas -> C:\Users\Valentino\OneDrive\Desktop\Polleria\RepositorioPractica\PruebaUnitariaVentas\bin\Debug\net9.0\PruebaUnitariaVentas.dll
C:\Users\Valentino\OneDrive\Desktop\Polleria\RepositorioPractica\PruebaRegresionVentas\Helpers\TempDataExtensions.cs(20,39): warning CS8600: Se va a convertir un literal nulo o un posible valor nulo en un tipo que no acepta valores NULL [C:\Users\Valentino\OneDrive\Desktop\Polleria\RepositorioPractica\PruebaRegresionVentas\PruebaRegresionVentas.csproj]
C:\Users\Valentino\OneDrive\Desktop\Polleria\RepositorioPractica\PruebaRegresionVentas\Helpers\TempDataExtensions.cs(21,16): warning CS8603: Posible tipo de valor devuelto de referencia nulo. [C:\Users\Valentino\OneDrive\Desktop\Polleria\RepositorioPractica\PruebaRegresionVentas\PruebaRegresionVentas.csproj]
C:\Users\Valentino\OneDrive\Desktop\Polleria\RepositorioPractica\PruebaRegresionVentas\Controllers\HomeController.cs(30,25): error CS0246: El nombre del tipo o del espacio de nombres 'ErrorViewModel' no se encontr├│ (┬┐falta una directiva using o una referencia de ensamblado?) [C:\Users\Valentino\OneDrive\Desktop\Polleria\RepositorioPractica\PruebaRegresionVentas\PruebaRegresionVentas.csproj]
C:\Users\Valentino\OneDrive\Desktop\Polleria\RepositorioPractica\PruebaRegresionVentas\Program.cs(35,17): error CS0122: 'MetodosPago.MetodosPago()' no es accesible debido a su nivel de protecci├│n [C:\Users\Valentino\OneDrive\Desktop\Polleria\RepositorioPractica\PruebaRegresionVentas\PruebaRegresionVentas.csproj]
C:\Users\Valentino\OneDrive\Desktop\Polleria\RepositorioPractica\PruebaRegresionVentas\Program.cs(36,17): error CS0122: 'MetodosPago.MetodosPago()' no es accesible debido a su nivel de protecci├│n [C:\Users\Valentino\OneDrive\Desktop\Polleria\RepositorioPractica\PruebaRegresionVentas\PruebaRegresionVentas.csproj]
C:\Users\Valentino\OneDrive\Desktop\Polleria\RepositorioPractica\PruebaRegresionVentas\Program.cs(37,17): error CS0122: 'MetodosPago.MetodosPago()' no es accesible debido a su nivel de protecci├│n [C:\Users\Valentino\OneDrive\Desktop\Polleria\RepositorioPractica\PruebaRegresionVentas\PruebaRegresionVentas.csproj]
C:\Users\Valentino\OneDrive\Desktop\Polleria\RepositorioPractica\PruebaRegresionVentas\Program.cs(46,17): error CS0122: 'Productos.Productos()' no es accesible debido a su nivel de protecci├│n [C:\Users\Valentino\OneDrive\Desktop\Polleria\RepositorioPractica\PruebaRegresionVentas\PruebaRegresionVentas.csproj]
C:\Users\Valentino\OneDrive\Desktop\Polleria\RepositorioPractica\PruebaRegresionVentas\Program.cs(47,17): error CS0122: 'Productos.Productos()' no es accesible debido a su nivel de protecci├│n [C:\Users\Valentino\OneDrive\Desktop\Polleria\RepositorioPractica\PruebaRegresionVentas\PruebaRegresionVentas.csproj]

ERROR al compilar.

C:\Users\Valentino\OneDrive\Desktop\Polleria\RepositorioPractica\PruebaRegresionVentas\Helpers\TempDataExtensions.cs(20,39): warning CS8600: Se va a convertir un literal nulo o un posible valor nulo en un tipo que no acepta valores NULL [C:\Users\Valentino\OneDrive\Desktop\Polleria\RepositorioPractica\PruebaRegresionVentas\PruebaRegresionVentas.csproj]
C:\Users\Valentino\OneDrive\Desktop\Polleria\RepositorioPractica\PruebaRegresionVentas\Helpers\TempDataExtensions.cs(21,16): warning CS8603: Posible tipo de valor devuelto de referencia nulo. [C:\Users\Valentino\OneDrive\Desktop\Polleria\RepositorioPractica\PruebaRegresionVentas\PruebaRegresionVentas.csproj]
C:\Users\Valentino\OneDrive\Desktop\Polleria\RepositorioPractica\PruebaRegresionVentas\Controllers\HomeController.cs(30,25): error CS0246: El nombre del tipo o del espacio de nombres 'ErrorViewModel' no se encontr├│ (┬┐falta una directiva using o una referencia de ensamblado?) [C:\Users\Valentino\OneDrive\Desktop\Polleria\RepositorioPractica\PruebaRegresionVentas\PruebaRegresionVentas.csproj]
C:\Users\Valentino\OneDrive\Desktop\Polleria\RepositorioPractica\PruebaRegresionVentas\Program.cs(35,17): error CS0122: 'MetodosPago.MetodosPago()' no es accesible debido a su nivel de protecci├│n [C:\Users\Valentino\OneDrive\Desktop\Polleria\RepositorioPractica\PruebaRegresionVentas\PruebaRegresionVentas.csproj]
C:\Users\Valentino\OneDrive\Desktop\Polleria\RepositorioPractica\PruebaRegresionVentas\Program.cs(36,17): error CS0122: 'MetodosPago.MetodosPago()' no es accesible debido a su nivel de protecci├│n [C:\Users\Valentino\OneDrive\Desktop\Polleria\RepositorioPractica\PruebaRegresionVentas\PruebaRegresionVentas.csproj]
C:\Users\Valentino\OneDrive\Desktop\Polleria\RepositorioPractica\PruebaRegresionVentas\Program.cs(37,17): error CS0122: 'MetodosPago.MetodosPago()' no es accesible debido a su nivel de protecci├│n [C:\Users\Valentino\OneDrive\Desktop\Polleria\RepositorioPractica\PruebaRegresionVentas\PruebaRegresionVentas.csproj]
C:\Users\Valentino\OneDrive\Desktop\Polleria\RepositorioPractica\PruebaRegresionVentas\Program.cs(46,17): error CS0122: 'Productos.Productos()' no es accesible debido a su nivel de protecci├│n [C:\Users\Valentino\OneDrive\Desktop\Polleria\RepositorioPractica\PruebaRegresionVentas\PruebaRegresionVentas.csproj]
C:\Users\Valentino\OneDrive\Desktop\Polleria\RepositorioPractica\PruebaRegresionVentas\Program.cs(47,17): error CS0122: 'Productos.Productos()' no es accesible debido a su nivel de protecci├│n [C:\Users\Valentino\OneDrive\Desktop\Polleria\RepositorioPractica\PruebaRegresionVentas\PruebaRegresionVentas.csproj]
    2 Advertencia(s)
    6 Errores

Tiempo transcurrido 00:00:01.68

Hay actualizaciones de carga de trabajo disponibles. Ejecute "dotnet workload list" para obtener m├ís informaci├│n.
